----------------------------------------------------------------
Wed Oct 05 18:16:00 CEST 2022:
Booting Derby version The Apache Software Foundation - Apache Derby - 10.15.2.0 - (1873585): instance a816c00e-0183-a8ee-b741-00000e9f27a0 
on database directory C:\Users\Andreas Valen\OneDrive\Skrivebord\DAT250\example_data_git\dat250-jpa-example\eclipselink\experiment-2\DbExcercise2 with class loader jdk.internal.loader.ClassLoaders$AppClassLoader@c387f44 
Loaded from file:/C:/Users/Andreas%20Valen/.m2/repository/org/apache/derby/derby/10.15.2.0/derby-10.15.2.0.jar
java.vendor=Oracle Corporation
java.runtime.version=18.0.2.1+1-1
user.dir=C:\Users\Andreas Valen\OneDrive\Skrivebord\DAT250\example_data_git\dat250-jpa-example\eclipselink\experiment-2
os.name=Windows 10
os.arch=amd64
os.version=10.0
derby.system.home=null
----------------------------------------------------------------
Wed Oct 05 18:16:00 CEST 2022:
Shutting down instance a816c00e-0183-a8ee-b741-00000e9f27a0 on database directory C:\Users\Andreas Valen\OneDrive\Skrivebord\DAT250\example_data_git\dat250-jpa-example\eclipselink\experiment-2\DbExcercise2 with class loader jdk.internal.loader.ClassLoaders$AppClassLoader@c387f44 
Wed Oct 05 18:16:00 CEST 2022 Thread[main,5,main] Cleanup action starting
java.sql.SQLException: Failed to start database 'DbExcercise2' with class loader jdk.internal.loader.ClassLoaders$AppClassLoader@c387f44, see the next exception for details.
	at org.apache.derby.impl.jdbc.SQLExceptionFactory.getSQLException(SQLExceptionFactory.java:115)
	at org.apache.derby.impl.jdbc.SQLExceptionFactory.getSQLException(SQLExceptionFactory.java:141)
	at org.apache.derby.impl.jdbc.Util.seeNextException(Util.java:252)
	at org.apache.derby.impl.jdbc.EmbedConnection.bootDatabase(EmbedConnection.java:2855)
	at org.apache.derby.impl.jdbc.EmbedConnection.<init>(EmbedConnection.java:411)
	at org.apache.derby.iapi.jdbc.InternalDriver$1.run(InternalDriver.java:660)
	at org.apache.derby.iapi.jdbc.InternalDriver$1.run(InternalDriver.java:656)
	at java.base/java.security.AccessController.doPrivileged(AccessController.java:569)
	at org.apache.derby.iapi.jdbc.InternalDriver.getNewEmbedConnection(InternalDriver.java:654)
	at org.apache.derby.iapi.jdbc.InternalDriver.connect(InternalDriver.java:300)
	at org.apache.derby.iapi.jdbc.InternalDriver.connect(InternalDriver.java:967)
	at org.apache.derby.iapi.jdbc.AutoloadedDriver.connect(AutoloadedDriver.java:136)
	at java.sql/java.sql.DriverManager.getConnection(DriverManager.java:683)
	at java.sql/java.sql.DriverManager.getConnection(DriverManager.java:191)
	at org.eclipse.persistence.sessions.DefaultConnector.connect(DefaultConnector.java:100)
	at org.eclipse.persistence.sessions.DatasourceLogin.connectToDatasource(DatasourceLogin.java:172)
	at org.eclipse.persistence.internal.sessions.DatabaseSessionImpl.setOrDetectDatasource(DatabaseSessionImpl.java:226)
	at org.eclipse.persistence.internal.sessions.DatabaseSessionImpl.loginAndDetectDatasource(DatabaseSessionImpl.java:810)
	at org.eclipse.persistence.internal.jpa.EntityManagerFactoryProvider.login(EntityManagerFactoryProvider.java:261)
	at org.eclipse.persistence.internal.jpa.EntityManagerSetupImpl.deploy(EntityManagerSetupImpl.java:771)
	at org.eclipse.persistence.internal.jpa.EntityManagerFactoryDelegate.getAbstractSession(EntityManagerFactoryDelegate.java:222)
	at org.eclipse.persistence.internal.jpa.EntityManagerFactoryDelegate.createEntityManagerImpl(EntityManagerFactoryDelegate.java:330)
	at org.eclipse.persistence.internal.jpa.EntityManagerFactoryImpl.createEntityManagerImpl(EntityManagerFactoryImpl.java:350)
	at org.eclipse.persistence.internal.jpa.EntityManagerFactoryImpl.createEntityManager(EntityManagerFactoryImpl.java:313)
	at no.hvl.dat250.jpa.assignment2.driver.Main.main(Main.java:12)
	at no.hvl.dat250.assignment2.driver.MainTest.testDomainModelPersistence(MainTest.java:33)
	at java.base/jdk.internal.reflect.DirectMethodHandleAccessor.invoke(DirectMethodHandleAccessor.java:104)
	at java.base/java.lang.reflect.Method.invoke(Method.java:577)
	at org.junit.runners.model.FrameworkMethod$1.runReflectiveCall(FrameworkMethod.java:59)
	at org.junit.internal.runners.model.ReflectiveCallable.run(ReflectiveCallable.java:12)
	at org.junit.runners.model.FrameworkMethod.invokeExplosively(FrameworkMethod.java:56)
	at org.junit.internal.runners.statements.InvokeMethod.evaluate(InvokeMethod.java:17)
	at org.junit.internal.runners.statements.RunBefores.evaluate(RunBefores.java:26)
	at org.junit.runners.ParentRunner$3.evaluate(ParentRunner.java:306)
	at org.junit.runners.BlockJUnit4ClassRunner$1.evaluate(BlockJUnit4ClassRunner.java:100)
	at org.junit.runners.ParentRunner.runLeaf(ParentRunner.java:366)
	at org.junit.runners.BlockJUnit4ClassRunner.runChild(BlockJUnit4ClassRunner.java:103)
	at org.junit.runners.BlockJUnit4ClassRunner.runChild(BlockJUnit4ClassRunner.java:63)
	at org.junit.runners.ParentRunner$4.run(ParentRunner.java:331)
	at org.junit.runners.ParentRunner$1.schedule(ParentRunner.java:79)
	at org.junit.runners.ParentRunner.runChildren(ParentRunner.java:329)
	at org.junit.runners.ParentRunner.access$100(ParentRunner.java:66)
	at org.junit.runners.ParentRunner$2.evaluate(ParentRunner.java:293)
	at org.junit.runners.ParentRunner$3.evaluate(ParentRunner.java:306)
	at org.junit.runners.ParentRunner.run(ParentRunner.java:413)
	at org.eclipse.jdt.internal.junit4.runner.JUnit4TestReference.run(JUnit4TestReference.java:93)
	at org.eclipse.jdt.internal.junit.runner.TestExecution.run(TestExecution.java:40)
	at org.eclipse.jdt.internal.junit.runner.RemoteTestRunner.runTests(RemoteTestRunner.java:529)
	at org.eclipse.jdt.internal.junit.runner.RemoteTestRunner.runTests(RemoteTestRunner.java:756)
	at org.eclipse.jdt.internal.junit.runner.RemoteTestRunner.run(RemoteTestRunner.java:452)
	at org.eclipse.jdt.internal.junit.runner.RemoteTestRunner.main(RemoteTestRunner.java:210)
Caused by: ERROR XJ040: Failed to start database 'DbExcercise2' with class loader jdk.internal.loader.ClassLoaders$AppClassLoader@c387f44, see the next exception for details.
	at org.apache.derby.shared.common.error.StandardException.newException(StandardException.java:300)
	at org.apache.derby.impl.jdbc.SQLExceptionFactory.wrapArgsForTransportAcrossDRDA(SQLExceptionFactory.java:170)
	at org.apache.derby.impl.jdbc.SQLExceptionFactory.getSQLException(SQLExceptionFactory.java:75)
	... 50 more
Caused by: ERROR XSLAN: Database at C:\Users\Andreas Valen\OneDrive\Skrivebord\DAT250\example_data_git\dat250-jpa-example\eclipselink\experiment-2\DbExcercise2 has an incompatible format with the current version of the software.  The database was created by or upgraded by version 10.16.
	at org.apache.derby.shared.common.error.StandardException.newException(StandardException.java:300)
	at org.apache.derby.shared.common.error.StandardException.newException(StandardException.java:295)
	at org.apache.derby.impl.store.raw.log.LogToFile.readControlFile(LogToFile.java:2641)
	at org.apache.derby.impl.store.raw.log.LogToFile.boot(LogToFile.java:3295)
	at org.apache.derby.impl.services.monitor.BaseMonitor.boot(BaseMonitor.java:2002)
	at org.apache.derby.impl.services.monitor.TopService.bootModule(TopService.java:334)
	at org.apache.derby.impl.services.monitor.BaseMonitor.startModule(BaseMonitor.java:538)
	at org.apache.derby.impl.services.monitor.FileMonitor.startModule(FileMonitor.java:48)
	at org.apache.derby.iapi.services.monitor.Monitor.bootServiceModule(Monitor.java:460)
	at org.apache.derby.impl.store.raw.data.BaseDataFileFactory$10.run(BaseDataFileFactory.java:3057)
	at java.base/java.security.AccessController.doPrivileged(AccessController.java:569)
	at org.apache.derby.impl.store.raw.data.BaseDataFileFactory.bootServiceModule(BaseDataFileFactory.java:3051)
	at org.apache.derby.impl.store.raw.data.BaseDataFileFactory.bootLogFactory(BaseDataFileFactory.java:1810)
	at org.apache.derby.impl.store.raw.data.BaseDataFileFactory.setRawStoreFactory(BaseDataFileFactory.java:1286)
	at org.apache.derby.impl.store.raw.RawStore.boot(RawStore.java:223)
	at org.apache.derby.impl.services.monitor.BaseMonitor.boot(BaseMonitor.java:2002)
	at org.apache.derby.impl.services.monitor.TopService.bootModule(TopService.java:334)
	at org.apache.derby.impl.services.monitor.BaseMonitor.startModule(BaseMonitor.java:538)
	at org.apache.derby.impl.services.monitor.FileMonitor.startModule(FileMonitor.java:48)
	at org.apache.derby.iapi.services.monitor.Monitor.bootServiceModule(Monitor.java:460)
	at org.apache.derby.impl.store.access.RAMAccessManager$5.run(RAMAccessManager.java:1393)
	at java.base/java.security.AccessController.doPrivileged(AccessController.java:569)
	at org.apache.derby.impl.store.access.RAMAccessManager.bootServiceModule(RAMAccessManager.java:1387)
	at org.apache.derby.impl.store.access.RAMAccessManager.boot(RAMAccessManager.java:1039)
	at org.apache.derby.impl.services.monitor.BaseMonitor.boot(BaseMonitor.java:2002)
	at org.apache.derby.impl.services.monitor.TopService.bootModule(TopService.java:334)
	at org.apache.derby.impl.services.monitor.BaseMonitor.startModule(BaseMonitor.java:538)
	at org.apache.derby.impl.services.monitor.FileMonitor.startModule(FileMonitor.java:48)
	at org.apache.derby.iapi.services.monitor.Monitor.bootServiceModule(Monitor.java:460)
	at org.apache.derby.impl.db.BasicDatabase$5.run(BasicDatabase.java:1001)
	at java.base/java.security.AccessController.doPrivileged(AccessController.java:569)
	at org.apache.derby.impl.db.BasicDatabase.bootServiceModule(BasicDatabase.java:995)
	at org.apache.derby.impl.db.BasicDatabase.bootStore(BasicDatabase.java:777)
	at org.apache.derby.impl.db.BasicDatabase.boot(BasicDatabase.java:186)
	at org.apache.derby.impl.services.monitor.BaseMonitor.boot(BaseMonitor.java:2002)
	at org.apache.derby.impl.services.monitor.TopService.bootModule(TopService.java:334)
	at org.apache.derby.impl.services.monitor.BaseMonitor.bootService(BaseMonitor.java:1830)
	at org.apache.derby.impl.services.monitor.BaseMonitor.startProviderService(BaseMonitor.java:1696)
	at org.apache.derby.impl.services.monitor.BaseMonitor.findProviderAndStartService(BaseMonitor.java:1580)
	at org.apache.derby.impl.services.monitor.BaseMonitor.startPersistentService(BaseMonitor.java:999)
	at org.apache.derby.iapi.services.monitor.Monitor.startPersistentService(Monitor.java:598)
	at org.apache.derby.impl.jdbc.EmbedConnection$4.run(EmbedConnection.java:4042)
	at org.apache.derby.impl.jdbc.EmbedConnection$4.run(EmbedConnection.java:4038)
	at java.base/java.security.AccessController.doPrivileged(AccessController.java:569)
	at org.apache.derby.impl.jdbc.EmbedConnection.startPersistentService(EmbedConnection.java:4036)
	at org.apache.derby.impl.jdbc.EmbedConnection.bootDatabase(EmbedConnection.java:2816)
	... 47 more
============= begin nested exception, level (1) ===========
java.sql.SQLException: Database at C:\Users\Andreas Valen\OneDrive\Skrivebord\DAT250\example_data_git\dat250-jpa-example\eclipselink\experiment-2\DbExcercise2 has an incompatible format with the current version of the software.  The database was created by or upgraded by version 10.16.
	at org.apache.derby.impl.jdbc.SQLExceptionFactory.getSQLException(SQLExceptionFactory.java:115)
	at org.apache.derby.impl.jdbc.Util.generateCsSQLException(Util.java:230)
	at org.apache.derby.impl.jdbc.EmbedConnection.bootDatabase(EmbedConnection.java:2853)
	at org.apache.derby.impl.jdbc.EmbedConnection.<init>(EmbedConnection.java:411)
	at org.apache.derby.iapi.jdbc.InternalDriver$1.run(InternalDriver.java:660)
	at org.apache.derby.iapi.jdbc.InternalDriver$1.run(InternalDriver.java:656)
	at java.base/java.security.AccessController.doPrivileged(AccessController.java:569)
	at org.apache.derby.iapi.jdbc.InternalDriver.getNewEmbedConnection(InternalDriver.java:654)
	at org.apache.derby.iapi.jdbc.InternalDriver.connect(InternalDriver.java:300)
	at org.apache.derby.iapi.jdbc.InternalDriver.connect(InternalDriver.java:967)
	at org.apache.derby.iapi.jdbc.AutoloadedDriver.connect(AutoloadedDriver.java:136)
	at java.sql/java.sql.DriverManager.getConnection(DriverManager.java:683)
	at java.sql/java.sql.DriverManager.getConnection(DriverManager.java:191)
	at org.eclipse.persistence.sessions.DefaultConnector.connect(DefaultConnector.java:100)
	at org.eclipse.persistence.sessions.DatasourceLogin.connectToDatasource(DatasourceLogin.java:172)
	at org.eclipse.persistence.internal.sessions.DatabaseSessionImpl.setOrDetectDatasource(DatabaseSessionImpl.java:226)
	at org.eclipse.persistence.internal.sessions.DatabaseSessionImpl.loginAndDetectDatasource(DatabaseSessionImpl.java:810)
	at org.eclipse.persistence.internal.jpa.EntityManagerFactoryProvider.login(EntityManagerFactoryProvider.java:261)
	at org.eclipse.persistence.internal.jpa.EntityManagerSetupImpl.deploy(EntityManagerSetupImpl.java:771)
	at org.eclipse.persistence.internal.jpa.EntityManagerFactoryDelegate.getAbstractSession(EntityManagerFactoryDelegate.java:222)
	at org.eclipse.persistence.internal.jpa.EntityManagerFactoryDelegate.createEntityManagerImpl(EntityManagerFactoryDelegate.java:330)
	at org.eclipse.persistence.internal.jpa.EntityManagerFactoryImpl.createEntityManagerImpl(EntityManagerFactoryImpl.java:350)
	at org.eclipse.persistence.internal.jpa.EntityManagerFactoryImpl.createEntityManager(EntityManagerFactoryImpl.java:313)
	at no.hvl.dat250.jpa.assignment2.driver.Main.main(Main.java:12)
	at no.hvl.dat250.assignment2.driver.MainTest.testDomainModelPersistence(MainTest.java:33)
	at java.base/jdk.internal.reflect.DirectMethodHandleAccessor.invoke(DirectMethodHandleAccessor.java:104)
	at java.base/java.lang.reflect.Method.invoke(Method.java:577)
	at org.junit.runners.model.FrameworkMethod$1.runReflectiveCall(FrameworkMethod.java:59)
	at org.junit.internal.runners.model.ReflectiveCallable.run(ReflectiveCallable.java:12)
	at org.junit.runners.model.FrameworkMethod.invokeExplosively(FrameworkMethod.java:56)
	at org.junit.internal.runners.statements.InvokeMethod.evaluate(InvokeMethod.java:17)
	at org.junit.internal.runners.statements.RunBefores.evaluate(RunBefores.java:26)
	at org.junit.runners.ParentRunner$3.evaluate(ParentRunner.java:306)
	at org.junit.runners.BlockJUnit4ClassRunner$1.evaluate(BlockJUnit4ClassRunner.java:100)
	at org.junit.runners.ParentRunner.runLeaf(ParentRunner.java:366)
	at org.junit.runners.BlockJUnit4ClassRunner.runChild(BlockJUnit4ClassRunner.java:103)
	at org.junit.runners.BlockJUnit4ClassRunner.runChild(BlockJUnit4ClassRunner.java:63)
	at org.junit.runners.ParentRunner$4.run(ParentRunner.java:331)
	at org.junit.runners.ParentRunner$1.schedule(ParentRunner.java:79)
	at org.junit.runners.ParentRunner.runChildren(ParentRunner.java:329)
	at org.junit.runners.ParentRunner.access$100(ParentRunner.java:66)
	at org.junit.runners.ParentRunner$2.evaluate(ParentRunner.java:293)
	at org.junit.runners.ParentRunner$3.evaluate(ParentRunner.java:306)
	at org.junit.runners.ParentRunner.run(ParentRunner.java:413)
	at org.eclipse.jdt.internal.junit4.runner.JUnit4TestReference.run(JUnit4TestReference.java:93)
	at org.eclipse.jdt.internal.junit.runner.TestExecution.run(TestExecution.java:40)
	at org.eclipse.jdt.internal.junit.runner.RemoteTestRunner.runTests(RemoteTestRunner.java:529)
	at org.eclipse.jdt.internal.junit.runner.RemoteTestRunner.runTests(RemoteTestRunner.java:756)
	at org.eclipse.jdt.internal.junit.runner.RemoteTestRunner.run(RemoteTestRunner.java:452)
	at org.eclipse.jdt.internal.junit.runner.RemoteTestRunner.main(RemoteTestRunner.java:210)
Caused by: ERROR XSLAN: Database at C:\Users\Andreas Valen\OneDrive\Skrivebord\DAT250\example_data_git\dat250-jpa-example\eclipselink\experiment-2\DbExcercise2 has an incompatible format with the current version of the software.  The database was created by or upgraded by version 10.16.
	at org.apache.derby.shared.common.error.StandardException.newException(StandardException.java:300)
	at org.apache.derby.shared.common.error.StandardException.newException(StandardException.java:295)
	at org.apache.derby.impl.store.raw.log.LogToFile.readControlFile(LogToFile.java:2641)
	at org.apache.derby.impl.store.raw.log.LogToFile.boot(LogToFile.java:3295)
	at org.apache.derby.impl.services.monitor.BaseMonitor.boot(BaseMonitor.java:2002)
	at org.apache.derby.impl.services.monitor.TopService.bootModule(TopService.java:334)
	at org.apache.derby.impl.services.monitor.BaseMonitor.startModule(BaseMonitor.java:538)
	at org.apache.derby.impl.services.monitor.FileMonitor.startModule(FileMonitor.java:48)
	at org.apache.derby.iapi.services.monitor.Monitor.bootServiceModule(Monitor.java:460)
	at org.apache.derby.impl.store.raw.data.BaseDataFileFactory$10.run(BaseDataFileFactory.java:3057)
	at java.base/java.security.AccessController.doPrivileged(AccessController.java:569)
	at org.apache.derby.impl.store.raw.data.BaseDataFileFactory.bootServiceModule(BaseDataFileFactory.java:3051)
	at org.apache.derby.impl.store.raw.data.BaseDataFileFactory.bootLogFactory(BaseDataFileFactory.java:1810)
	at org.apache.derby.impl.store.raw.data.BaseDataFileFactory.setRawStoreFactory(BaseDataFileFactory.java:1286)
	at org.apache.derby.impl.store.raw.RawStore.boot(RawStore.java:223)
	at org.apache.derby.impl.services.monitor.BaseMonitor.boot(BaseMonitor.java:2002)
	at org.apache.derby.impl.services.monitor.TopService.bootModule(TopService.java:334)
	at org.apache.derby.impl.services.monitor.BaseMonitor.startModule(BaseMonitor.java:538)
	at org.apache.derby.impl.services.monitor.FileMonitor.startModule(FileMonitor.java:48)
	at org.apache.derby.iapi.services.monitor.Monitor.bootServiceModule(Monitor.java:460)
	at org.apache.derby.impl.store.access.RAMAccessManager$5.run(RAMAccessManager.java:1393)
	at java.base/java.security.AccessController.doPrivileged(AccessController.java:569)
	at org.apache.derby.impl.store.access.RAMAccessManager.bootServiceModule(RAMAccessManager.java:1387)
	at org.apache.derby.impl.store.access.RAMAccessManager.boot(RAMAccessManager.java:1039)
	at org.apache.derby.impl.services.monitor.BaseMonitor.boot(BaseMonitor.java:2002)
	at org.apache.derby.impl.services.monitor.TopService.bootModule(TopService.java:334)
	at org.apache.derby.impl.services.monitor.BaseMonitor.startModule(BaseMonitor.java:538)
	at org.apache.derby.impl.services.monitor.FileMonitor.startModule(FileMonitor.java:48)
	at org.apache.derby.iapi.services.monitor.Monitor.bootServiceModule(Monitor.java:460)
	at org.apache.derby.impl.db.BasicDatabase$5.run(BasicDatabase.java:1001)
	at java.base/java.security.AccessController.doPrivileged(AccessController.java:569)
	at org.apache.derby.impl.db.BasicDatabase.bootServiceModule(BasicDatabase.java:995)
	at org.apache.derby.impl.db.BasicDatabase.bootStore(BasicDatabase.java:777)
	at org.apache.derby.impl.db.BasicDatabase.boot(BasicDatabase.java:186)
	at org.apache.derby.impl.services.monitor.BaseMonitor.boot(BaseMonitor.java:2002)
	at org.apache.derby.impl.services.monitor.TopService.bootModule(TopService.java:334)
	at org.apache.derby.impl.services.monitor.BaseMonitor.bootService(BaseMonitor.java:1830)
	at org.apache.derby.impl.services.monitor.BaseMonitor.startProviderService(BaseMonitor.java:1696)
	at org.apache.derby.impl.services.monitor.BaseMonitor.findProviderAndStartService(BaseMonitor.java:1580)
	at org.apache.derby.impl.services.monitor.BaseMonitor.startPersistentService(BaseMonitor.java:999)
	at org.apache.derby.iapi.services.monitor.Monitor.startPersistentService(Monitor.java:598)
	at org.apache.derby.impl.jdbc.EmbedConnection$4.run(EmbedConnection.java:4042)
	at org.apache.derby.impl.jdbc.EmbedConnection$4.run(EmbedConnection.java:4038)
	at java.base/java.security.AccessController.doPrivileged(AccessController.java:569)
	at org.apache.derby.impl.jdbc.EmbedConnection.startPersistentService(EmbedConnection.java:4036)
	at org.apache.derby.impl.jdbc.EmbedConnection.bootDatabase(EmbedConnection.java:2816)
	... 47 more
============= end nested exception, level (1) ===========
============= begin nested exception, level (2) ===========
ERROR XSLAN: Database at C:\Users\Andreas Valen\OneDrive\Skrivebord\DAT250\example_data_git\dat250-jpa-example\eclipselink\experiment-2\DbExcercise2 has an incompatible format with the current version of the software.  The database was created by or upgraded by version 10.16.
	at org.apache.derby.shared.common.error.StandardException.newException(StandardException.java:300)
	at org.apache.derby.shared.common.error.StandardException.newException(StandardException.java:295)
	at org.apache.derby.impl.store.raw.log.LogToFile.readControlFile(LogToFile.java:2641)
	at org.apache.derby.impl.store.raw.log.LogToFile.boot(LogToFile.java:3295)
	at org.apache.derby.impl.services.monitor.BaseMonitor.boot(BaseMonitor.java:2002)
	at org.apache.derby.impl.services.monitor.TopService.bootModule(TopService.java:334)
	at org.apache.derby.impl.services.monitor.BaseMonitor.startModule(BaseMonitor.java:538)
	at org.apache.derby.impl.services.monitor.FileMonitor.startModule(FileMonitor.java:48)
	at org.apache.derby.iapi.services.monitor.Monitor.bootServiceModule(Monitor.java:460)
	at org.apache.derby.impl.store.raw.data.BaseDataFileFactory$10.run(BaseDataFileFactory.java:3057)
	at java.base/java.security.AccessController.doPrivileged(AccessController.java:569)
	at org.apache.derby.impl.store.raw.data.BaseDataFileFactory.bootServiceModule(BaseDataFileFactory.java:3051)
	at org.apache.derby.impl.store.raw.data.BaseDataFileFactory.bootLogFactory(BaseDataFileFactory.java:1810)
	at org.apache.derby.impl.store.raw.data.BaseDataFileFactory.setRawStoreFactory(BaseDataFileFactory.java:1286)
	at org.apache.derby.impl.store.raw.RawStore.boot(RawStore.java:223)
	at org.apache.derby.impl.services.monitor.BaseMonitor.boot(BaseMonitor.java:2002)
	at org.apache.derby.impl.services.monitor.TopService.bootModule(TopService.java:334)
	at org.apache.derby.impl.services.monitor.BaseMonitor.startModule(BaseMonitor.java:538)
	at org.apache.derby.impl.services.monitor.FileMonitor.startModule(FileMonitor.java:48)
	at org.apache.derby.iapi.services.monitor.Monitor.bootServiceModule(Monitor.java:460)
	at org.apache.derby.impl.store.access.RAMAccessManager$5.run(RAMAccessManager.java:1393)
	at java.base/java.security.AccessController.doPrivileged(AccessController.java:569)
	at org.apache.derby.impl.store.access.RAMAccessManager.bootServiceModule(RAMAccessManager.java:1387)
	at org.apache.derby.impl.store.access.RAMAccessManager.boot(RAMAccessManager.java:1039)
	at org.apache.derby.impl.services.monitor.BaseMonitor.boot(BaseMonitor.java:2002)
	at org.apache.derby.impl.services.monitor.TopService.bootModule(TopService.java:334)
	at org.apache.derby.impl.services.monitor.BaseMonitor.startModule(BaseMonitor.java:538)
	at org.apache.derby.impl.services.monitor.FileMonitor.startModule(FileMonitor.java:48)
	at org.apache.derby.iapi.services.monitor.Monitor.bootServiceModule(Monitor.java:460)
	at org.apache.derby.impl.db.BasicDatabase$5.run(BasicDatabase.java:1001)
	at java.base/java.security.AccessController.doPrivileged(AccessController.java:569)
	at org.apache.derby.impl.db.BasicDatabase.bootServiceModule(BasicDatabase.java:995)
	at org.apache.derby.impl.db.BasicDatabase.bootStore(BasicDatabase.java:777)
	at org.apache.derby.impl.db.BasicDatabase.boot(BasicDatabase.java:186)
	at org.apache.derby.impl.services.monitor.BaseMonitor.boot(BaseMonitor.java:2002)
	at org.apache.derby.impl.services.monitor.TopService.bootModule(TopService.java:334)
	at org.apache.derby.impl.services.monitor.BaseMonitor.bootService(BaseMonitor.java:1830)
	at org.apache.derby.impl.services.monitor.BaseMonitor.startProviderService(BaseMonitor.java:1696)
	at org.apache.derby.impl.services.monitor.BaseMonitor.findProviderAndStartService(BaseMonitor.java:1580)
	at org.apache.derby.impl.services.monitor.BaseMonitor.startPersistentService(BaseMonitor.java:999)
	at org.apache.derby.iapi.services.monitor.Monitor.startPersistentService(Monitor.java:598)
	at org.apache.derby.impl.jdbc.EmbedConnection$4.run(EmbedConnection.java:4042)
	at org.apache.derby.impl.jdbc.EmbedConnection$4.run(EmbedConnection.java:4038)
	at java.base/java.security.AccessController.doPrivileged(AccessController.java:569)
	at org.apache.derby.impl.jdbc.EmbedConnection.startPersistentService(EmbedConnection.java:4036)
	at org.apache.derby.impl.jdbc.EmbedConnection.bootDatabase(EmbedConnection.java:2816)
	at org.apache.derby.impl.jdbc.EmbedConnection.<init>(EmbedConnection.java:411)
	at org.apache.derby.iapi.jdbc.InternalDriver$1.run(InternalDriver.java:660)
	at org.apache.derby.iapi.jdbc.InternalDriver$1.run(InternalDriver.java:656)
	at java.base/java.security.AccessController.doPrivileged(AccessController.java:569)
	at org.apache.derby.iapi.jdbc.InternalDriver.getNewEmbedConnection(InternalDriver.java:654)
	at org.apache.derby.iapi.jdbc.InternalDriver.connect(InternalDriver.java:300)
	at org.apache.derby.iapi.jdbc.InternalDriver.connect(InternalDriver.java:967)
	at org.apache.derby.iapi.jdbc.AutoloadedDriver.connect(AutoloadedDriver.java:136)
	at java.sql/java.sql.DriverManager.getConnection(DriverManager.java:683)
	at java.sql/java.sql.DriverManager.getConnection(DriverManager.java:191)
	at org.eclipse.persistence.sessions.DefaultConnector.connect(DefaultConnector.java:100)
	at org.eclipse.persistence.sessions.DatasourceLogin.connectToDatasource(DatasourceLogin.java:172)
	at org.eclipse.persistence.internal.sessions.DatabaseSessionImpl.setOrDetectDatasource(DatabaseSessionImpl.java:226)
	at org.eclipse.persistence.internal.sessions.DatabaseSessionImpl.loginAndDetectDatasource(DatabaseSessionImpl.java:810)
	at org.eclipse.persistence.internal.jpa.EntityManagerFactoryProvider.login(EntityManagerFactoryProvider.java:261)
	at org.eclipse.persistence.internal.jpa.EntityManagerSetupImpl.deploy(EntityManagerSetupImpl.java:771)
	at org.eclipse.persistence.internal.jpa.EntityManagerFactoryDelegate.getAbstractSession(EntityManagerFactoryDelegate.java:222)
	at org.eclipse.persistence.internal.jpa.EntityManagerFactoryDelegate.createEntityManagerImpl(EntityManagerFactoryDelegate.java:330)
	at org.eclipse.persistence.internal.jpa.EntityManagerFactoryImpl.createEntityManagerImpl(EntityManagerFactoryImpl.java:350)
	at org.eclipse.persistence.internal.jpa.EntityManagerFactoryImpl.createEntityManager(EntityManagerFactoryImpl.java:313)
	at no.hvl.dat250.jpa.assignment2.driver.Main.main(Main.java:12)
	at no.hvl.dat250.assignment2.driver.MainTest.testDomainModelPersistence(MainTest.java:33)
	at java.base/jdk.internal.reflect.DirectMethodHandleAccessor.invoke(DirectMethodHandleAccessor.java:104)
	at java.base/java.lang.reflect.Method.invoke(Method.java:577)
	at org.junit.runners.model.FrameworkMethod$1.runReflectiveCall(FrameworkMethod.java:59)
	at org.junit.internal.runners.model.ReflectiveCallable.run(ReflectiveCallable.java:12)
	at org.junit.runners.model.FrameworkMethod.invokeExplosively(FrameworkMethod.java:56)
	at org.junit.internal.runners.statements.InvokeMethod.evaluate(InvokeMethod.java:17)
	at org.junit.internal.runners.statements.RunBefores.evaluate(RunBefores.java:26)
	at org.junit.runners.ParentRunner$3.evaluate(ParentRunner.java:306)
	at org.junit.runners.BlockJUnit4ClassRunner$1.evaluate(BlockJUnit4ClassRunner.java:100)
	at org.junit.runners.ParentRunner.runLeaf(ParentRunner.java:366)
	at org.junit.runners.BlockJUnit4ClassRunner.runChild(BlockJUnit4ClassRunner.java:103)
	at org.junit.runners.BlockJUnit4ClassRunner.runChild(BlockJUnit4ClassRunner.java:63)
	at org.junit.runners.ParentRunner$4.run(ParentRunner.java:331)
	at org.junit.runners.ParentRunner$1.schedule(ParentRunner.java:79)
	at org.junit.runners.ParentRunner.runChildren(ParentRunner.java:329)
	at org.junit.runners.ParentRunner.access$100(ParentRunner.java:66)
	at org.junit.runners.ParentRunner$2.evaluate(ParentRunner.java:293)
	at org.junit.runners.ParentRunner$3.evaluate(ParentRunner.java:306)
	at org.junit.runners.ParentRunner.run(ParentRunner.java:413)
	at org.eclipse.jdt.internal.junit4.runner.JUnit4TestReference.run(JUnit4TestReference.java:93)
	at org.eclipse.jdt.internal.junit.runner.TestExecution.run(TestExecution.java:40)
	at org.eclipse.jdt.internal.junit.runner.RemoteTestRunner.runTests(RemoteTestRunner.java:529)
	at org.eclipse.jdt.internal.junit.runner.RemoteTestRunner.runTests(RemoteTestRunner.java:756)
	at org.eclipse.jdt.internal.junit.runner.RemoteTestRunner.run(RemoteTestRunner.java:452)
	at org.eclipse.jdt.internal.junit.runner.RemoteTestRunner.main(RemoteTestRunner.java:210)
============= end nested exception, level (2) ===========
Cleanup action completed
----------------------------------------------------------------
Wed Oct 05 18:16:00 CEST 2022:
Booting Derby version The Apache Software Foundation - Apache Derby - 10.15.2.0 - (1873585): instance 601a400f-0183-a8ee-b741-00000e9f27a0 
on database directory C:\Users\Andreas Valen\OneDrive\Skrivebord\DAT250\example_data_git\dat250-jpa-example\eclipselink\experiment-2\DbExcercise2 with class loader jdk.internal.loader.ClassLoaders$AppClassLoader@c387f44 
Loaded from file:/C:/Users/Andreas%20Valen/.m2/repository/org/apache/derby/derby/10.15.2.0/derby-10.15.2.0.jar
java.vendor=Oracle Corporation
java.runtime.version=18.0.2.1+1-1
user.dir=C:\Users\Andreas Valen\OneDrive\Skrivebord\DAT250\example_data_git\dat250-jpa-example\eclipselink\experiment-2
os.name=Windows 10
os.arch=amd64
os.version=10.0
derby.system.home=null
----------------------------------------------------------------
Wed Oct 05 18:16:00 CEST 2022:
Shutting down instance 601a400f-0183-a8ee-b741-00000e9f27a0 on database directory C:\Users\Andreas Valen\OneDrive\Skrivebord\DAT250\example_data_git\dat250-jpa-example\eclipselink\experiment-2\DbExcercise2 with class loader jdk.internal.loader.ClassLoaders$AppClassLoader@c387f44 
Wed Oct 05 18:16:00 CEST 2022 Thread[main,5,main] Cleanup action starting
java.sql.SQLException: Failed to start database 'DbExcercise2' with class loader jdk.internal.loader.ClassLoaders$AppClassLoader@c387f44, see the next exception for details.
	at org.apache.derby.impl.jdbc.SQLExceptionFactory.getSQLException(SQLExceptionFactory.java:115)
	at org.apache.derby.impl.jdbc.SQLExceptionFactory.getSQLException(SQLExceptionFactory.java:141)
	at org.apache.derby.impl.jdbc.Util.seeNextException(Util.java:252)
	at org.apache.derby.impl.jdbc.EmbedConnection.bootDatabase(EmbedConnection.java:2855)
	at org.apache.derby.impl.jdbc.EmbedConnection.<init>(EmbedConnection.java:411)
	at org.apache.derby.iapi.jdbc.InternalDriver$1.run(InternalDriver.java:660)
	at org.apache.derby.iapi.jdbc.InternalDriver$1.run(InternalDriver.java:656)
	at java.base/java.security.AccessController.doPrivileged(AccessController.java:569)
	at org.apache.derby.iapi.jdbc.InternalDriver.getNewEmbedConnection(InternalDriver.java:654)
	at org.apache.derby.iapi.jdbc.InternalDriver.connect(InternalDriver.java:300)
	at org.apache.derby.iapi.jdbc.InternalDriver.connect(InternalDriver.java:967)
	at org.apache.derby.jdbc.EmbeddedDriver.connect(EmbeddedDriver.java:125)
	at org.eclipse.persistence.sessions.DefaultConnector.directConnect(DefaultConnector.java:167)
	at org.eclipse.persistence.sessions.DefaultConnector.connect(DefaultConnector.java:119)
	at org.eclipse.persistence.sessions.DatasourceLogin.connectToDatasource(DatasourceLogin.java:172)
	at org.eclipse.persistence.internal.sessions.DatabaseSessionImpl.setOrDetectDatasource(DatabaseSessionImpl.java:226)
	at org.eclipse.persistence.internal.sessions.DatabaseSessionImpl.loginAndDetectDatasource(DatabaseSessionImpl.java:810)
	at org.eclipse.persistence.internal.jpa.EntityManagerFactoryProvider.login(EntityManagerFactoryProvider.java:261)
	at org.eclipse.persistence.internal.jpa.EntityManagerSetupImpl.deploy(EntityManagerSetupImpl.java:771)
	at org.eclipse.persistence.internal.jpa.EntityManagerFactoryDelegate.getAbstractSession(EntityManagerFactoryDelegate.java:222)
	at org.eclipse.persistence.internal.jpa.EntityManagerFactoryDelegate.createEntityManagerImpl(EntityManagerFactoryDelegate.java:330)
	at org.eclipse.persistence.internal.jpa.EntityManagerFactoryImpl.createEntityManagerImpl(EntityManagerFactoryImpl.java:350)
	at org.eclipse.persistence.internal.jpa.EntityManagerFactoryImpl.createEntityManager(EntityManagerFactoryImpl.java:313)
	at no.hvl.dat250.jpa.assignment2.driver.Main.main(Main.java:12)
	at no.hvl.dat250.assignment2.driver.MainTest.testDomainModelPersistence(MainTest.java:33)
	at java.base/jdk.internal.reflect.DirectMethodHandleAccessor.invoke(DirectMethodHandleAccessor.java:104)
	at java.base/java.lang.reflect.Method.invoke(Method.java:577)
	at org.junit.runners.model.FrameworkMethod$1.runReflectiveCall(FrameworkMethod.java:59)
	at org.junit.internal.runners.model.ReflectiveCallable.run(ReflectiveCallable.java:12)
	at org.junit.runners.model.FrameworkMethod.invokeExplosively(FrameworkMethod.java:56)
	at org.junit.internal.runners.statements.InvokeMethod.evaluate(InvokeMethod.java:17)
	at org.junit.internal.runners.statements.RunBefores.evaluate(RunBefores.java:26)
	at org.junit.runners.ParentRunner$3.evaluate(ParentRunner.java:306)
	at org.junit.runners.BlockJUnit4ClassRunner$1.evaluate(BlockJUnit4ClassRunner.java:100)
	at org.junit.runners.ParentRunner.runLeaf(ParentRunner.java:366)
	at org.junit.runners.BlockJUnit4ClassRunner.runChild(BlockJUnit4ClassRunner.java:103)
	at org.junit.runners.BlockJUnit4ClassRunner.runChild(BlockJUnit4ClassRunner.java:63)
	at org.junit.runners.ParentRunner$4.run(ParentRunner.java:331)
	at org.junit.runners.ParentRunner$1.schedule(ParentRunner.java:79)
	at org.junit.runners.ParentRunner.runChildren(ParentRunner.java:329)
	at org.junit.runners.ParentRunner.access$100(ParentRunner.java:66)
	at org.junit.runners.ParentRunner$2.evaluate(ParentRunner.java:293)
	at org.junit.runners.ParentRunner$3.evaluate(ParentRunner.java:306)
	at org.junit.runners.ParentRunner.run(ParentRunner.java:413)
	at org.eclipse.jdt.internal.junit4.runner.JUnit4TestReference.run(JUnit4TestReference.java:93)
	at org.eclipse.jdt.internal.junit.runner.TestExecution.run(TestExecution.java:40)
	at org.eclipse.jdt.internal.junit.runner.RemoteTestRunner.runTests(RemoteTestRunner.java:529)
	at org.eclipse.jdt.internal.junit.runner.RemoteTestRunner.runTests(RemoteTestRunner.java:756)
	at org.eclipse.jdt.internal.junit.runner.RemoteTestRunner.run(RemoteTestRunner.java:452)
	at org.eclipse.jdt.internal.junit.runner.RemoteTestRunner.main(RemoteTestRunner.java:210)
Caused by: ERROR XJ040: Failed to start database 'DbExcercise2' with class loader jdk.internal.loader.ClassLoaders$AppClassLoader@c387f44, see the next exception for details.
	at org.apache.derby.shared.common.error.StandardException.newException(StandardException.java:300)
	at org.apache.derby.impl.jdbc.SQLExceptionFactory.wrapArgsForTransportAcrossDRDA(SQLExceptionFactory.java:170)
	at org.apache.derby.impl.jdbc.SQLExceptionFactory.getSQLException(SQLExceptionFactory.java:75)
	... 49 more
Caused by: ERROR XSLAN: Database at C:\Users\Andreas Valen\OneDrive\Skrivebord\DAT250\example_data_git\dat250-jpa-example\eclipselink\experiment-2\DbExcercise2 has an incompatible format with the current version of the software.  The database was created by or upgraded by version 10.16.
	at org.apache.derby.shared.common.error.StandardException.newException(StandardException.java:300)
	at org.apache.derby.shared.common.error.StandardException.newException(StandardException.java:295)
	at org.apache.derby.impl.store.raw.log.LogToFile.readControlFile(LogToFile.java:2641)
	at org.apache.derby.impl.store.raw.log.LogToFile.boot(LogToFile.java:3295)
	at org.apache.derby.impl.services.monitor.BaseMonitor.boot(BaseMonitor.java:2002)
	at org.apache.derby.impl.services.monitor.TopService.bootModule(TopService.java:334)
	at org.apache.derby.impl.services.monitor.BaseMonitor.startModule(BaseMonitor.java:538)
	at org.apache.derby.impl.services.monitor.FileMonitor.startModule(FileMonitor.java:48)
	at org.apache.derby.iapi.services.monitor.Monitor.bootServiceModule(Monitor.java:460)
	at org.apache.derby.impl.store.raw.data.BaseDataFileFactory$10.run(BaseDataFileFactory.java:3057)
	at java.base/java.security.AccessController.doPrivileged(AccessController.java:569)
	at org.apache.derby.impl.store.raw.data.BaseDataFileFactory.bootServiceModule(BaseDataFileFactory.java:3051)
	at org.apache.derby.impl.store.raw.data.BaseDataFileFactory.bootLogFactory(BaseDataFileFactory.java:1810)
	at org.apache.derby.impl.store.raw.data.BaseDataFileFactory.setRawStoreFactory(BaseDataFileFactory.java:1286)
	at org.apache.derby.impl.store.raw.RawStore.boot(RawStore.java:223)
	at org.apache.derby.impl.services.monitor.BaseMonitor.boot(BaseMonitor.java:2002)
	at org.apache.derby.impl.services.monitor.TopService.bootModule(TopService.java:334)
	at org.apache.derby.impl.services.monitor.BaseMonitor.startModule(BaseMonitor.java:538)
	at org.apache.derby.impl.services.monitor.FileMonitor.startModule(FileMonitor.java:48)
	at org.apache.derby.iapi.services.monitor.Monitor.bootServiceModule(Monitor.java:460)
	at org.apache.derby.impl.store.access.RAMAccessManager$5.run(RAMAccessManager.java:1393)
	at java.base/java.security.AccessController.doPrivileged(AccessController.java:569)
	at org.apache.derby.impl.store.access.RAMAccessManager.bootServiceModule(RAMAccessManager.java:1387)
	at org.apache.derby.impl.store.access.RAMAccessManager.boot(RAMAccessManager.java:1039)
	at org.apache.derby.impl.services.monitor.BaseMonitor.boot(BaseMonitor.java:2002)
	at org.apache.derby.impl.services.monitor.TopService.bootModule(TopService.java:334)
	at org.apache.derby.impl.services.monitor.BaseMonitor.startModule(BaseMonitor.java:538)
	at org.apache.derby.impl.services.monitor.FileMonitor.startModule(FileMonitor.java:48)
	at org.apache.derby.iapi.services.monitor.Monitor.bootServiceModule(Monitor.java:460)
	at org.apache.derby.impl.db.BasicDatabase$5.run(BasicDatabase.java:1001)
	at java.base/java.security.AccessController.doPrivileged(AccessController.java:569)
	at org.apache.derby.impl.db.BasicDatabase.bootServiceModule(BasicDatabase.java:995)
	at org.apache.derby.impl.db.BasicDatabase.bootStore(BasicDatabase.java:777)
	at org.apache.derby.impl.db.BasicDatabase.boot(BasicDatabase.java:186)
	at org.apache.derby.impl.services.monitor.BaseMonitor.boot(BaseMonitor.java:2002)
	at org.apache.derby.impl.services.monitor.TopService.bootModule(TopService.java:334)
	at org.apache.derby.impl.services.monitor.BaseMonitor.bootService(BaseMonitor.java:1830)
	at org.apache.derby.impl.services.monitor.BaseMonitor.startProviderService(BaseMonitor.java:1696)
	at org.apache.derby.impl.services.monitor.BaseMonitor.findProviderAndStartService(BaseMonitor.java:1580)
	at org.apache.derby.impl.services.monitor.BaseMonitor.startPersistentService(BaseMonitor.java:999)
	at org.apache.derby.iapi.services.monitor.Monitor.startPersistentService(Monitor.java:598)
	at org.apache.derby.impl.jdbc.EmbedConnection$4.run(EmbedConnection.java:4042)
	at org.apache.derby.impl.jdbc.EmbedConnection$4.run(EmbedConnection.java:4038)
	at java.base/java.security.AccessController.doPrivileged(AccessController.java:569)
	at org.apache.derby.impl.jdbc.EmbedConnection.startPersistentService(EmbedConnection.java:4036)
	at org.apache.derby.impl.jdbc.EmbedConnection.bootDatabase(EmbedConnection.java:2816)
	... 46 more
============= begin nested exception, level (1) ===========
java.sql.SQLException: Database at C:\Users\Andreas Valen\OneDrive\Skrivebord\DAT250\example_data_git\dat250-jpa-example\eclipselink\experiment-2\DbExcercise2 has an incompatible format with the current version of the software.  The database was created by or upgraded by version 10.16.
	at org.apache.derby.impl.jdbc.SQLExceptionFactory.getSQLException(SQLExceptionFactory.java:115)
	at org.apache.derby.impl.jdbc.Util.generateCsSQLException(Util.java:230)
	at org.apache.derby.impl.jdbc.EmbedConnection.bootDatabase(EmbedConnection.java:2853)
	at org.apache.derby.impl.jdbc.EmbedConnection.<init>(EmbedConnection.java:411)
	at org.apache.derby.iapi.jdbc.InternalDriver$1.run(InternalDriver.java:660)
	at org.apache.derby.iapi.jdbc.InternalDriver$1.run(InternalDriver.java:656)
	at java.base/java.security.AccessController.doPrivileged(AccessController.java:569)
	at org.apache.derby.iapi.jdbc.InternalDriver.getNewEmbedConnection(InternalDriver.java:654)
	at org.apache.derby.iapi.jdbc.InternalDriver.connect(InternalDriver.java:300)
	at org.apache.derby.iapi.jdbc.InternalDriver.connect(InternalDriver.java:967)
	at org.apache.derby.jdbc.EmbeddedDriver.connect(EmbeddedDriver.java:125)
	at org.eclipse.persistence.sessions.DefaultConnector.directConnect(DefaultConnector.java:167)
	at org.eclipse.persistence.sessions.DefaultConnector.connect(DefaultConnector.java:119)
	at org.eclipse.persistence.sessions.DatasourceLogin.connectToDatasource(DatasourceLogin.java:172)
	at org.eclipse.persistence.internal.sessions.DatabaseSessionImpl.setOrDetectDatasource(DatabaseSessionImpl.java:226)
	at org.eclipse.persistence.internal.sessions.DatabaseSessionImpl.loginAndDetectDatasource(DatabaseSessionImpl.java:810)
	at org.eclipse.persistence.internal.jpa.EntityManagerFactoryProvider.login(EntityManagerFactoryProvider.java:261)
	at org.eclipse.persistence.internal.jpa.EntityManagerSetupImpl.deploy(EntityManagerSetupImpl.java:771)
	at org.eclipse.persistence.internal.jpa.EntityManagerFactoryDelegate.getAbstractSession(EntityManagerFactoryDelegate.java:222)
	at org.eclipse.persistence.internal.jpa.EntityManagerFactoryDelegate.createEntityManagerImpl(EntityManagerFactoryDelegate.java:330)
	at org.eclipse.persistence.internal.jpa.EntityManagerFactoryImpl.createEntityManagerImpl(EntityManagerFactoryImpl.java:350)
	at org.eclipse.persistence.internal.jpa.EntityManagerFactoryImpl.createEntityManager(EntityManagerFactoryImpl.java:313)
	at no.hvl.dat250.jpa.assignment2.driver.Main.main(Main.java:12)
	at no.hvl.dat250.assignment2.driver.MainTest.testDomainModelPersistence(MainTest.java:33)
	at java.base/jdk.internal.reflect.DirectMethodHandleAccessor.invoke(DirectMethodHandleAccessor.java:104)
	at java.base/java.lang.reflect.Method.invoke(Method.java:577)
	at org.junit.runners.model.FrameworkMethod$1.runReflectiveCall(FrameworkMethod.java:59)
	at org.junit.internal.runners.model.ReflectiveCallable.run(ReflectiveCallable.java:12)
	at org.junit.runners.model.FrameworkMethod.invokeExplosively(FrameworkMethod.java:56)
	at org.junit.internal.runners.statements.InvokeMethod.evaluate(InvokeMethod.java:17)
	at org.junit.internal.runners.statements.RunBefores.evaluate(RunBefores.java:26)
	at org.junit.runners.ParentRunner$3.evaluate(ParentRunner.java:306)
	at org.junit.runners.BlockJUnit4ClassRunner$1.evaluate(BlockJUnit4ClassRunner.java:100)
	at org.junit.runners.ParentRunner.runLeaf(ParentRunner.java:366)
	at org.junit.runners.BlockJUnit4ClassRunner.runChild(BlockJUnit4ClassRunner.java:103)
	at org.junit.runners.BlockJUnit4ClassRunner.runChild(BlockJUnit4ClassRunner.java:63)
	at org.junit.runners.ParentRunner$4.run(ParentRunner.java:331)
	at org.junit.runners.ParentRunner$1.schedule(ParentRunner.java:79)
	at org.junit.runners.ParentRunner.runChildren(ParentRunner.java:329)
	at org.junit.runners.ParentRunner.access$100(ParentRunner.java:66)
	at org.junit.runners.ParentRunner$2.evaluate(ParentRunner.java:293)
	at org.junit.runners.ParentRunner$3.evaluate(ParentRunner.java:306)
	at org.junit.runners.ParentRunner.run(ParentRunner.java:413)
	at org.eclipse.jdt.internal.junit4.runner.JUnit4TestReference.run(JUnit4TestReference.java:93)
	at org.eclipse.jdt.internal.junit.runner.TestExecution.run(TestExecution.java:40)
	at org.eclipse.jdt.internal.junit.runner.RemoteTestRunner.runTests(RemoteTestRunner.java:529)
	at org.eclipse.jdt.internal.junit.runner.RemoteTestRunner.runTests(RemoteTestRunner.java:756)
	at org.eclipse.jdt.internal.junit.runner.RemoteTestRunner.run(RemoteTestRunner.java:452)
	at org.eclipse.jdt.internal.junit.runner.RemoteTestRunner.main(RemoteTestRunner.java:210)
Caused by: ERROR XSLAN: Database at C:\Users\Andreas Valen\OneDrive\Skrivebord\DAT250\example_data_git\dat250-jpa-example\eclipselink\experiment-2\DbExcercise2 has an incompatible format with the current version of the software.  The database was created by or upgraded by version 10.16.
	at org.apache.derby.shared.common.error.StandardException.newException(StandardException.java:300)
	at org.apache.derby.shared.common.error.StandardException.newException(StandardException.java:295)
	at org.apache.derby.impl.store.raw.log.LogToFile.readControlFile(LogToFile.java:2641)
	at org.apache.derby.impl.store.raw.log.LogToFile.boot(LogToFile.java:3295)
	at org.apache.derby.impl.services.monitor.BaseMonitor.boot(BaseMonitor.java:2002)
	at org.apache.derby.impl.services.monitor.TopService.bootModule(TopService.java:334)
	at org.apache.derby.impl.services.monitor.BaseMonitor.startModule(BaseMonitor.java:538)
	at org.apache.derby.impl.services.monitor.FileMonitor.startModule(FileMonitor.java:48)
	at org.apache.derby.iapi.services.monitor.Monitor.bootServiceModule(Monitor.java:460)
	at org.apache.derby.impl.store.raw.data.BaseDataFileFactory$10.run(BaseDataFileFactory.java:3057)
	at java.base/java.security.AccessController.doPrivileged(AccessController.java:569)
	at org.apache.derby.impl.store.raw.data.BaseDataFileFactory.bootServiceModule(BaseDataFileFactory.java:3051)
	at org.apache.derby.impl.store.raw.data.BaseDataFileFactory.bootLogFactory(BaseDataFileFactory.java:1810)
	at org.apache.derby.impl.store.raw.data.BaseDataFileFactory.setRawStoreFactory(BaseDataFileFactory.java:1286)
	at org.apache.derby.impl.store.raw.RawStore.boot(RawStore.java:223)
	at org.apache.derby.impl.services.monitor.BaseMonitor.boot(BaseMonitor.java:2002)
	at org.apache.derby.impl.services.monitor.TopService.bootModule(TopService.java:334)
	at org.apache.derby.impl.services.monitor.BaseMonitor.startModule(BaseMonitor.java:538)
	at org.apache.derby.impl.services.monitor.FileMonitor.startModule(FileMonitor.java:48)
	at org.apache.derby.iapi.services.monitor.Monitor.bootServiceModule(Monitor.java:460)
	at org.apache.derby.impl.store.access.RAMAccessManager$5.run(RAMAccessManager.java:1393)
	at java.base/java.security.AccessController.doPrivileged(AccessController.java:569)
	at org.apache.derby.impl.store.access.RAMAccessManager.bootServiceModule(RAMAccessManager.java:1387)
	at org.apache.derby.impl.store.access.RAMAccessManager.boot(RAMAccessManager.java:1039)
	at org.apache.derby.impl.services.monitor.BaseMonitor.boot(BaseMonitor.java:2002)
	at org.apache.derby.impl.services.monitor.TopService.bootModule(TopService.java:334)
	at org.apache.derby.impl.services.monitor.BaseMonitor.startModule(BaseMonitor.java:538)
	at org.apache.derby.impl.services.monitor.FileMonitor.startModule(FileMonitor.java:48)
	at org.apache.derby.iapi.services.monitor.Monitor.bootServiceModule(Monitor.java:460)
	at org.apache.derby.impl.db.BasicDatabase$5.run(BasicDatabase.java:1001)
	at java.base/java.security.AccessController.doPrivileged(AccessController.java:569)
	at org.apache.derby.impl.db.BasicDatabase.bootServiceModule(BasicDatabase.java:995)
	at org.apache.derby.impl.db.BasicDatabase.bootStore(BasicDatabase.java:777)
	at org.apache.derby.impl.db.BasicDatabase.boot(BasicDatabase.java:186)
	at org.apache.derby.impl.services.monitor.BaseMonitor.boot(BaseMonitor.java:2002)
	at org.apache.derby.impl.services.monitor.TopService.bootModule(TopService.java:334)
	at org.apache.derby.impl.services.monitor.BaseMonitor.bootService(BaseMonitor.java:1830)
	at org.apache.derby.impl.services.monitor.BaseMonitor.startProviderService(BaseMonitor.java:1696)
	at org.apache.derby.impl.services.monitor.BaseMonitor.findProviderAndStartService(BaseMonitor.java:1580)
	at org.apache.derby.impl.services.monitor.BaseMonitor.startPersistentService(BaseMonitor.java:999)
	at org.apache.derby.iapi.services.monitor.Monitor.startPersistentService(Monitor.java:598)
	at org.apache.derby.impl.jdbc.EmbedConnection$4.run(EmbedConnection.java:4042)
	at org.apache.derby.impl.jdbc.EmbedConnection$4.run(EmbedConnection.java:4038)
	at java.base/java.security.AccessController.doPrivileged(AccessController.java:569)
	at org.apache.derby.impl.jdbc.EmbedConnection.startPersistentService(EmbedConnection.java:4036)
	at org.apache.derby.impl.jdbc.EmbedConnection.bootDatabase(EmbedConnection.java:2816)
	... 46 more
============= end nested exception, level (1) ===========
============= begin nested exception, level (2) ===========
ERROR XSLAN: Database at C:\Users\Andreas Valen\OneDrive\Skrivebord\DAT250\example_data_git\dat250-jpa-example\eclipselink\experiment-2\DbExcercise2 has an incompatible format with the current version of the software.  The database was created by or upgraded by version 10.16.
	at org.apache.derby.shared.common.error.StandardException.newException(StandardException.java:300)
	at org.apache.derby.shared.common.error.StandardException.newException(StandardException.java:295)
	at org.apache.derby.impl.store.raw.log.LogToFile.readControlFile(LogToFile.java:2641)
	at org.apache.derby.impl.store.raw.log.LogToFile.boot(LogToFile.java:3295)
	at org.apache.derby.impl.services.monitor.BaseMonitor.boot(BaseMonitor.java:2002)
	at org.apache.derby.impl.services.monitor.TopService.bootModule(TopService.java:334)
	at org.apache.derby.impl.services.monitor.BaseMonitor.startModule(BaseMonitor.java:538)
	at org.apache.derby.impl.services.monitor.FileMonitor.startModule(FileMonitor.java:48)
	at org.apache.derby.iapi.services.monitor.Monitor.bootServiceModule(Monitor.java:460)
	at org.apache.derby.impl.store.raw.data.BaseDataFileFactory$10.run(BaseDataFileFactory.java:3057)
	at java.base/java.security.AccessController.doPrivileged(AccessController.java:569)
	at org.apache.derby.impl.store.raw.data.BaseDataFileFactory.bootServiceModule(BaseDataFileFactory.java:3051)
	at org.apache.derby.impl.store.raw.data.BaseDataFileFactory.bootLogFactory(BaseDataFileFactory.java:1810)
	at org.apache.derby.impl.store.raw.data.BaseDataFileFactory.setRawStoreFactory(BaseDataFileFactory.java:1286)
	at org.apache.derby.impl.store.raw.RawStore.boot(RawStore.java:223)
	at org.apache.derby.impl.services.monitor.BaseMonitor.boot(BaseMonitor.java:2002)
	at org.apache.derby.impl.services.monitor.TopService.bootModule(TopService.java:334)
	at org.apache.derby.impl.services.monitor.BaseMonitor.startModule(BaseMonitor.java:538)
	at org.apache.derby.impl.services.monitor.FileMonitor.startModule(FileMonitor.java:48)
	at org.apache.derby.iapi.services.monitor.Monitor.bootServiceModule(Monitor.java:460)
	at org.apache.derby.impl.store.access.RAMAccessManager$5.run(RAMAccessManager.java:1393)
	at java.base/java.security.AccessController.doPrivileged(AccessController.java:569)
	at org.apache.derby.impl.store.access.RAMAccessManager.bootServiceModule(RAMAccessManager.java:1387)
	at org.apache.derby.impl.store.access.RAMAccessManager.boot(RAMAccessManager.java:1039)
	at org.apache.derby.impl.services.monitor.BaseMonitor.boot(BaseMonitor.java:2002)
	at org.apache.derby.impl.services.monitor.TopService.bootModule(TopService.java:334)
	at org.apache.derby.impl.services.monitor.BaseMonitor.startModule(BaseMonitor.java:538)
	at org.apache.derby.impl.services.monitor.FileMonitor.startModule(FileMonitor.java:48)
	at org.apache.derby.iapi.services.monitor.Monitor.bootServiceModule(Monitor.java:460)
	at org.apache.derby.impl.db.BasicDatabase$5.run(BasicDatabase.java:1001)
	at java.base/java.security.AccessController.doPrivileged(AccessController.java:569)
	at org.apache.derby.impl.db.BasicDatabase.bootServiceModule(BasicDatabase.java:995)
	at org.apache.derby.impl.db.BasicDatabase.bootStore(BasicDatabase.java:777)
	at org.apache.derby.impl.db.BasicDatabase.boot(BasicDatabase.java:186)
	at org.apache.derby.impl.services.monitor.BaseMonitor.boot(BaseMonitor.java:2002)
	at org.apache.derby.impl.services.monitor.TopService.bootModule(TopService.java:334)
	at org.apache.derby.impl.services.monitor.BaseMonitor.bootService(BaseMonitor.java:1830)
	at org.apache.derby.impl.services.monitor.BaseMonitor.startProviderService(BaseMonitor.java:1696)
	at org.apache.derby.impl.services.monitor.BaseMonitor.findProviderAndStartService(BaseMonitor.java:1580)
	at org.apache.derby.impl.services.monitor.BaseMonitor.startPersistentService(BaseMonitor.java:999)
	at org.apache.derby.iapi.services.monitor.Monitor.startPersistentService(Monitor.java:598)
	at org.apache.derby.impl.jdbc.EmbedConnection$4.run(EmbedConnection.java:4042)
	at org.apache.derby.impl.jdbc.EmbedConnection$4.run(EmbedConnection.java:4038)
	at java.base/java.security.AccessController.doPrivileged(AccessController.java:569)
	at org.apache.derby.impl.jdbc.EmbedConnection.startPersistentService(EmbedConnection.java:4036)
	at org.apache.derby.impl.jdbc.EmbedConnection.bootDatabase(EmbedConnection.java:2816)
	at org.apache.derby.impl.jdbc.EmbedConnection.<init>(EmbedConnection.java:411)
	at org.apache.derby.iapi.jdbc.InternalDriver$1.run(InternalDriver.java:660)
	at org.apache.derby.iapi.jdbc.InternalDriver$1.run(InternalDriver.java:656)
	at java.base/java.security.AccessController.doPrivileged(AccessController.java:569)
	at org.apache.derby.iapi.jdbc.InternalDriver.getNewEmbedConnection(InternalDriver.java:654)
	at org.apache.derby.iapi.jdbc.InternalDriver.connect(InternalDriver.java:300)
	at org.apache.derby.iapi.jdbc.InternalDriver.connect(InternalDriver.java:967)
	at org.apache.derby.jdbc.EmbeddedDriver.connect(EmbeddedDriver.java:125)
	at org.eclipse.persistence.sessions.DefaultConnector.directConnect(DefaultConnector.java:167)
	at org.eclipse.persistence.sessions.DefaultConnector.connect(DefaultConnector.java:119)
	at org.eclipse.persistence.sessions.DatasourceLogin.connectToDatasource(DatasourceLogin.java:172)
	at org.eclipse.persistence.internal.sessions.DatabaseSessionImpl.setOrDetectDatasource(DatabaseSessionImpl.java:226)
	at org.eclipse.persistence.internal.sessions.DatabaseSessionImpl.loginAndDetectDatasource(DatabaseSessionImpl.java:810)
	at org.eclipse.persistence.internal.jpa.EntityManagerFactoryProvider.login(EntityManagerFactoryProvider.java:261)
	at org.eclipse.persistence.internal.jpa.EntityManagerSetupImpl.deploy(EntityManagerSetupImpl.java:771)
	at org.eclipse.persistence.internal.jpa.EntityManagerFactoryDelegate.getAbstractSession(EntityManagerFactoryDelegate.java:222)
	at org.eclipse.persistence.internal.jpa.EntityManagerFactoryDelegate.createEntityManagerImpl(EntityManagerFactoryDelegate.java:330)
	at org.eclipse.persistence.internal.jpa.EntityManagerFactoryImpl.createEntityManagerImpl(EntityManagerFactoryImpl.java:350)
	at org.eclipse.persistence.internal.jpa.EntityManagerFactoryImpl.createEntityManager(EntityManagerFactoryImpl.java:313)
	at no.hvl.dat250.jpa.assignment2.driver.Main.main(Main.java:12)
	at no.hvl.dat250.assignment2.driver.MainTest.testDomainModelPersistence(MainTest.java:33)
	at java.base/jdk.internal.reflect.DirectMethodHandleAccessor.invoke(DirectMethodHandleAccessor.java:104)
	at java.base/java.lang.reflect.Method.invoke(Method.java:577)
	at org.junit.runners.model.FrameworkMethod$1.runReflectiveCall(FrameworkMethod.java:59)
	at org.junit.internal.runners.model.ReflectiveCallable.run(ReflectiveCallable.java:12)
	at org.junit.runners.model.FrameworkMethod.invokeExplosively(FrameworkMethod.java:56)
	at org.junit.internal.runners.statements.InvokeMethod.evaluate(InvokeMethod.java:17)
	at org.junit.internal.runners.statements.RunBefores.evaluate(RunBefores.java:26)
	at org.junit.runners.ParentRunner$3.evaluate(ParentRunner.java:306)
	at org.junit.runners.BlockJUnit4ClassRunner$1.evaluate(BlockJUnit4ClassRunner.java:100)
	at org.junit.runners.ParentRunner.runLeaf(ParentRunner.java:366)
	at org.junit.runners.BlockJUnit4ClassRunner.runChild(BlockJUnit4ClassRunner.java:103)
	at org.junit.runners.BlockJUnit4ClassRunner.runChild(BlockJUnit4ClassRunner.java:63)
	at org.junit.runners.ParentRunner$4.run(ParentRunner.java:331)
	at org.junit.runners.ParentRunner$1.schedule(ParentRunner.java:79)
	at org.junit.runners.ParentRunner.runChildren(ParentRunner.java:329)
	at org.junit.runners.ParentRunner.access$100(ParentRunner.java:66)
	at org.junit.runners.ParentRunner$2.evaluate(ParentRunner.java:293)
	at org.junit.runners.ParentRunner$3.evaluate(ParentRunner.java:306)
	at org.junit.runners.ParentRunner.run(ParentRunner.java:413)
	at org.eclipse.jdt.internal.junit4.runner.JUnit4TestReference.run(JUnit4TestReference.java:93)
	at org.eclipse.jdt.internal.junit.runner.TestExecution.run(TestExecution.java:40)
	at org.eclipse.jdt.internal.junit.runner.RemoteTestRunner.runTests(RemoteTestRunner.java:529)
	at org.eclipse.jdt.internal.junit.runner.RemoteTestRunner.runTests(RemoteTestRunner.java:756)
	at org.eclipse.jdt.internal.junit.runner.RemoteTestRunner.run(RemoteTestRunner.java:452)
	at org.eclipse.jdt.internal.junit.runner.RemoteTestRunner.main(RemoteTestRunner.java:210)
============= end nested exception, level (2) ===========
Cleanup action completed
